<?xml version="1.0" encoding="utf-8"?><testsuites><testsuite name="pytest" errors="0" failures="0" skipped="0" tests="3" time="1.000" timestamp="2024-07-16T18:30:51.156246" hostname="28d9a1f34fd1"><testcase classname="tests.test_prediction" name="test_single_pred_not_none" time="0.018" /><testcase classname="tests.test_prediction" name="test_single_pred_str_type" time="0.015" /><testcase classname="tests.test_prediction" name="test_single_pred_validate" time="0.014" /></testsuite></testsuites>